2026-02-22 23:03:35,666 - INFO - Claims Verification System initialized
2026-02-22 23:03:35,667 - INFO - Generating claims verification report...
2026-02-22 23:03:35,668 - INFO - Verifying technical specifications...
2026-02-22 23:03:35,668 - INFO - Verifying business claims...
2026-02-22 23:03:35,669 - INFO - Verifying security claims...
2026-02-22 23:03:35,671 - INFO - Identifying missing components...
2026-02-22 23:03:35,671 - INFO - Generating roadmap to full claims verification...
2026-02-22 23:03:35,675 - INFO - Claims verification report saved: c:/Users/merce/Documents/helm-ai\production\claims_verification_report.json
2026-02-22 23:03:55,189 - INFO - Claims Verification System initialized
2026-02-22 23:03:55,189 - INFO - Generating claims verification report...
2026-02-22 23:03:55,189 - INFO - Verifying technical specifications...
2026-02-22 23:03:55,189 - INFO - Verifying business claims...
2026-02-22 23:03:55,190 - INFO - Verifying security claims...
2026-02-22 23:03:55,190 - INFO - Identifying missing components...
2026-02-22 23:03:55,190 - INFO - Generating roadmap to full claims verification...
2026-02-22 23:03:55,191 - INFO - Claims verification report saved: c:/Users/merce/Documents/helm-ai\production\claims_verification_report.json
2026-02-22 23:09:37,175 - INFO - Claims Verification System initialized
2026-02-22 23:09:37,176 - INFO - Generating claims verification report...
2026-02-22 23:09:37,176 - INFO - Verifying technical specifications...
2026-02-22 23:09:37,176 - INFO - Verifying business claims...
2026-02-22 23:09:37,176 - INFO - Verifying security claims...
2026-02-22 23:09:37,176 - INFO - Identifying missing components...
2026-02-22 23:09:37,177 - INFO - Generating roadmap to full claims verification...
2026-02-22 23:09:37,178 - INFO - Claims verification report saved: c:/Users/merce/Documents/helm-ai\production\claims_verification_report.json
