2026-02-22 23:45:47,039 - INFO - Investment Reality Check initialized
2026-02-22 23:45:47,042 - INFO - Generating investment reality report...
2026-02-22 23:45:47,044 - INFO - Analyzing $5M delusion...
2026-02-22 23:45:47,044 - INFO - Analyzing $300K reality...
2026-02-22 23:45:47,045 - INFO - Comparing investment scenarios...
2026-02-22 23:45:47,045 - INFO - Analyzing what changed...
2026-02-22 23:45:47,045 - INFO - Creating smart investment strategy...
2026-02-22 23:45:47,055 - INFO - Investment reality check report saved: c:/Users/merce/Documents/helm-ai\production\investment_reality_check_report.json
2026-02-22 23:46:10,013 - INFO - Investment Reality Check initialized
2026-02-22 23:46:10,013 - INFO - Generating investment reality report...
2026-02-22 23:46:10,014 - INFO - Analyzing $5M delusion...
2026-02-22 23:46:10,014 - INFO - Analyzing $300K reality...
2026-02-22 23:46:10,014 - INFO - Comparing investment scenarios...
2026-02-22 23:46:10,014 - INFO - Analyzing what changed...
2026-02-22 23:46:10,014 - INFO - Creating smart investment strategy...
2026-02-22 23:46:10,016 - INFO - Investment reality check report saved: c:/Users/merce/Documents/helm-ai\production\investment_reality_check_report.json
2026-02-22 23:46:24,005 - INFO - Investment Reality Check initialized
2026-02-22 23:46:24,005 - INFO - Generating investment reality report...
2026-02-22 23:46:24,005 - INFO - Analyzing $5M delusion...
2026-02-22 23:46:24,005 - INFO - Analyzing $300K reality...
2026-02-22 23:46:24,005 - INFO - Comparing investment scenarios...
2026-02-22 23:46:24,005 - INFO - Analyzing what changed...
2026-02-22 23:46:24,006 - INFO - Creating smart investment strategy...
2026-02-22 23:46:24,007 - INFO - Investment reality check report saved: c:/Users/merce/Documents/helm-ai\production\investment_reality_check_report.json
